<?xml version="1.0" encoding="UTF-8"?>
<!-- Generated by org.testng.reporters.JUnitReportReporter -->
<testsuite hostname="vishwa-k" failures="0" tests="1" name="Com.DemoWebshop.TestScripts.TC_001_Verify_User_is_able_to_add_address_or_not" time="8.526" errors="0" timestamp="2026-04-08T19:56:48 IST" skipped="0">
  <testcase classname="Com.DemoWebshop.TestScripts.TC_001_Verify_User_is_able_to_add_address_or_not" name="addAddress" time="8.526"/>
</testsuite> <!-- Com.DemoWebshop.TestScripts.TC_001_Verify_User_is_able_to_add_address_or_not -->
